Arguments: 
  /opt/homebrew/Cellar/node/19.5.0/bin/node /opt/homebrew/Cellar/yarn/1.22.19/libexec/bin/yarn.js add kafkajs koa koa-router koa-body node-kafka-streams

PATH: 
  /Users/zhenyu.shi/.rbenv/shims:/Users/zhenyu.shi/.rbenv/bin:/opt/homebrew/bin:/opt/homebrew/sbin:/Users/zhenyu.shi/Library/Python/3.9/bin:/Users/zhenyu.shi/.jenv/shims:/Users/zhenyu.shi/.jenv/bin:/Users/zhenyu.shi/.orbstack/bin:/Users/zhenyu.shi/.rbenv/shims:/Users/zhenyu.shi/.rbenv/bin:/Users/zhenyu.shi/.nvm/versions/node/v16.15.0/bin:/opt/homebrew/bin:/opt/homebrew/sbin:/Users/zhenyu.shi/Library/Python/3.9/bin:/Users/zhenyu.shi/.jenv/shims:/Users/zhenyu.shi/.jenv/bin:/usr/local/bin:/usr/bin:/bin:/usr/sbin:/sbin

Yarn version: 
  1.22.19

Node version: 
  19.5.0

Platform: 
  darwin arm64

Trace: 
  Error: https://registry.npmjs.org/node-kafka-streams: Not found
      at params.callback [as _callback] (/opt/homebrew/Cellar/yarn/1.22.19/libexec/lib/cli.js:66145:18)
      at self.callback (/opt/homebrew/Cellar/yarn/1.22.19/libexec/lib/cli.js:140890:22)
      at Request.emit (node:events:512:28)
      at Request.<anonymous> (/opt/homebrew/Cellar/yarn/1.22.19/libexec/lib/cli.js:141862:10)
      at Request.emit (node:events:512:28)
      at IncomingMessage.<anonymous> (/opt/homebrew/Cellar/yarn/1.22.19/libexec/lib/cli.js:141784:12)
      at Object.onceWrapper (node:events:626:28)
      at IncomingMessage.emit (node:events:524:35)
      at endReadableNT (node:internal/streams/readable:1359:12)
      at process.processTicksAndRejections (node:internal/process/task_queues:82:21)

npm manifest: 
  {
    "name": "mview-koa",
    "version": "1.0.0",
    "description": "",
    "main": "index.js",
    "scripts": {
      "test": "echo \"Error: no test specified\" && exit 1"
    },
    "keywords": [],
    "author": "",
    "license": "ISC"
  }

yarn manifest: 
  No manifest

Lockfile: 
  No lockfile
